<?xml version="1.0" encoding="UTF-8"?>
<testng-results skipped="0" failed="0" ignored="0" total="6" passed="6">
  <reporter-output>
    <line>
      <![CDATA[tc001 executed successful]]>
    </line>
    <line>
      <![CDATA[tc002 executed successful]]>
    </line>
    <line>
      <![CDATA[tc003 executed successful]]>
    </line>
    <line>
      <![CDATA[f executed]]>
    </line>
    <line>
      <![CDATA[g executed]]>
    </line>
    <line>
      <![CDATA[h executed]]>
    </line>
  </reporter-output>
  <suite name="suitdefault" duration-ms="171" started-at="2023-01-09T11:30:15 IST" finished-at="2023-01-09T11:30:15 IST">
    <groups>
    </groups>
    <test name="test1" duration-ms="171" started-at="2023-01-09T11:30:15 IST" finished-at="2023-01-09T11:30:15 IST">
      <class name="p1.TestA">
        <test-method status="PASS" signature="tc001()[pri:0, instance:p1.TestA@30a3107a]" name="tc001" duration-ms="24" started-at="2023-01-09T11:30:15 IST" finished-at="2023-01-09T11:30:15 IST">
          <reporter-output>
            <line>
              <![CDATA[tc001 executed successful]]>
            </line>
          </reporter-output>
        </test-method> <!-- tc001 -->
        <test-method status="PASS" signature="tc002()[pri:0, instance:p1.TestA@30a3107a]" name="tc002" duration-ms="4" started-at="2023-01-09T11:30:15 IST" finished-at="2023-01-09T11:30:15 IST">
          <reporter-output>
            <line>
              <![CDATA[tc002 executed successful]]>
            </line>
          </reporter-output>
        </test-method> <!-- tc002 -->
        <test-method status="PASS" signature="tc003()[pri:0, instance:p1.TestA@30a3107a]" name="tc003" duration-ms="3" started-at="2023-01-09T11:30:15 IST" finished-at="2023-01-09T11:30:15 IST">
          <reporter-output>
            <line>
              <![CDATA[tc003 executed successful]]>
            </line>
          </reporter-output>
        </test-method> <!-- tc003 -->
      </class> <!-- p1.TestA -->
      <class name="p2.TestB">
        <test-method status="PASS" signature="f()[pri:0, instance:p2.TestB@86be70a]" name="f" duration-ms="3" started-at="2023-01-09T11:30:15 IST" finished-at="2023-01-09T11:30:15 IST">
          <reporter-output>
            <line>
              <![CDATA[f executed]]>
            </line>
          </reporter-output>
        </test-method> <!-- f -->
        <test-method status="PASS" signature="g()[pri:0, instance:p2.TestB@86be70a]" name="g" duration-ms="3" started-at="2023-01-09T11:30:15 IST" finished-at="2023-01-09T11:30:15 IST">
          <reporter-output>
            <line>
              <![CDATA[g executed]]>
            </line>
          </reporter-output>
        </test-method> <!-- g -->
        <test-method status="PASS" signature="h()[pri:0, instance:p2.TestB@86be70a]" name="h" duration-ms="8" started-at="2023-01-09T11:30:15 IST" finished-at="2023-01-09T11:30:15 IST">
          <reporter-output>
            <line>
              <![CDATA[h executed]]>
            </line>
          </reporter-output>
        </test-method> <!-- h -->
      </class> <!-- p2.TestB -->
    </test> <!-- test1 -->
  </suite> <!-- suitdefault -->
</testng-results>
