<?xml version="1.0" encoding="UTF-8"?>
<!-- Generated by org.testng.reporters.JUnitXMLReporter -->
<testsuite hostname="LAPTOP-6K01ST59" ignored="0" name="test1" tests="6" failures="0" timestamp="2023-01-09T11:30:16 IST" time="0.171" errors="0">
  <testcase name="tc001" time="0.024" classname="p1.TestA"/>
  <testcase name="tc002" time="0.004" classname="p1.TestA"/>
  <testcase name="tc003" time="0.003" classname="p1.TestA"/>
  <testcase name="f" time="0.003" classname="p2.TestB"/>
  <testcase name="g" time="0.003" classname="p2.TestB"/>
  <testcase name="h" time="0.008" classname="p2.TestB"/>
</testsuite> <!-- test1 -->
